<?xml version="1.0" encoding="UTF-8"?>
<!-- Generated by org.testng.reporters.JUnitXMLReporter -->
<testsuite hostname="SHI58495EU1113F" name="Drop box Login Test" tests="5" failures="0" timestamp="1 Sep 2018 21:04:52 GMT" time="125.584" errors="0">
  <testcase name="loginValidation" time="5.506" classname="com.test.qa.dropbox.testCases.TestCases"/>
  <testcase name="fileUploadTest" time="28.034" classname="com.test.qa.dropbox.testCases.TestCases"/>
  <testcase name="searchUploadedFileTestCase" time="9.705" classname="com.test.qa.dropbox.testCases.TestCases"/>
  <testcase name="deleteUploadedFile" time="6.903" classname="com.test.qa.dropbox.testCases.TestCases"/>
  <testcase name="createFolderTest" time="9.425" classname="com.test.qa.dropbox.testCases.TestCases"/>
</testsuite> <!-- Drop box Login Test -->
